<?xml version="1.0" encoding="UTF-8"?>
<testsuite name="com.javasampleapproach.jpamysqlangular4.SpringJpaMySqlAngular4ApplicationTests" time="0.146" tests="1" errors="0" skipped="0" failures="0">
  <properties>
    <property name="java.runtime.name" value="Java(TM) SE Runtime Environment"/>
    <property name="sun.boot.library.path" value="C:\mev\java\jdk\jdk1.8.0_45_x64\jre\bin"/>
    <property name="java.vm.version" value="25.45-b02"/>
    <property name="java.vm.vendor" value="Oracle Corporation"/>
    <property name="maven.multiModuleProjectDirectory" value="C:\Users\A674543\Desktop\stst\SpringJPAMySQLAngular4"/>
    <property name="java.vendor.url" value="http://java.oracle.com/"/>
    <property name="path.separator" value=";"/>
    <property name="guice.disable.misplaced.annotation.check" value="true"/>
    <property name="java.vm.name" value="Java HotSpot(TM) 64-Bit Server VM"/>
    <property name="file.encoding.pkg" value="sun.io"/>
    <property name="user.script" value=""/>
    <property name="user.country" value="IN"/>
    <property name="sun.java.launcher" value="SUN_STANDARD"/>
    <property name="sun.os.patch.level" value="Service Pack 1"/>
    <property name="java.vm.specification.name" value="Java Virtual Machine Specification"/>
    <property name="user.dir" value="C:\Users\A674543\Desktop\stst\SpringJPAMySQLAngular4"/>
    <property name="java.runtime.version" value="1.8.0_45-b14"/>
    <property name="java.awt.graphicsenv" value="sun.awt.Win32GraphicsEnvironment"/>
    <property name="java.endorsed.dirs" value="C:\mev\java\jdk\jdk1.8.0_45_x64\jre\lib\endorsed"/>
    <property name="os.arch" value="amd64"/>
    <property name="java.io.tmpdir" value="C:\Users\A674543\AppData\Local\Temp\"/>
    <property name="line.separator" value="&#10;"/>
    <property name="java.vm.specification.vendor" value="Oracle Corporation"/>
    <property name="user.variant" value=""/>
    <property name="os.name" value="Windows 7"/>
    <property name="classworlds.conf" value="C:\Users\A674543\Desktop\Project\Workspace\.metadata\.plugins\org.eclipse.m2e.launching\launches\m2conf3363361577099524539.tmp"/>
    <property name="sun.jnu.encoding" value="Cp1252"/>
    <property name="java.library.path" value="C:\mev\java\jdk\jdk1.8.0_45_x64\bin;C:\WINDOWS\Sun\Java\bin;C:\WINDOWS\system32;C:\WINDOWS;C:/mev/java/jdk/jdk1.8.0_45_x64/bin/../jre/bin/server;C:/mev/java/jdk/jdk1.8.0_45_x64/bin/../jre/bin;C:/mev/java/jdk/jdk1.8.0_45_x64/bin/../jre/lib/amd64;C:\mev\java\jdk\jdk1.8.0_45_x64\bin;C:\Users\A674543\Documents\Pravesh\apache-maven-3.5.2\bin;C:\Program Files (x86)\Microsoft SQL Server\Client SDK\ODBC\130\Tools\Binn\;C:\Program Files (x86)\Microsoft SQL Server\140\Tools\Binn\;C:\Program Files (x86)\Microsoft SQL Server\140\DTS\Binn\;C:\Program Files (x86)\Microsoft SQL Server\140\Tools\Binn\ManagementStudio\;C:\Program Files\Git\cmd;C:\Program Files\MySQL\MySQL Utilities 1.6\;C:\Ruby24-x64\bin;C:\Users\A674543\AppData\Local\Programs\Python\Python36-32\Scripts\;C:\Users\A674543\AppData\Local\Programs\Python\Python36-32\;C:\Program Files (x86)\Java\jre1.8.0_151\bin;C:\Users\A674543\AppData\Roaming\npm;C:\Users\A674543\android-sdks;C:\Program Files (x86)\Git\bin;C:\Program Files\nodejs;;C:\Program Files\Boot2Docker for Windows;C:\Program Files\Microsoft VS Code\bin;C:\Users\A674543\Desktop\Project\eclipse;;."/>
    <property name="java.specification.name" value="Java Platform API Specification"/>
    <property name="java.class.version" value="52.0"/>
    <property name="sun.management.compiler" value="HotSpot 64-Bit Tiered Compilers"/>
    <property name="os.version" value="6.1"/>
    <property name="user.home" value="C:\Users\A674543"/>
    <property name="user.timezone" value="Asia/Calcutta"/>
    <property name="java.awt.printerjob" value="sun.awt.windows.WPrinterJob"/>
    <property name="java.specification.version" value="1.8"/>
    <property name="file.encoding" value="Cp1252"/>
    <property name="user.name" value="A674543"/>
    <property name="java.class.path" value="/C:/Users/A674543/Desktop/Project/eclipse/plugins/org.eclipse.m2e.maven.runtime_1.6.0.20150526-2031/jars/plexus-classworlds-2.5.2.jar"/>
    <property name="java.vm.specification.version" value="1.8"/>
    <property name="sun.arch.data.model" value="64"/>
    <property name="java.home" value="C:\mev\java\jdk\jdk1.8.0_45_x64\jre"/>
    <property name="sun.java.command" value="org.codehaus.plexus.classworlds.launcher.Launcher -B -s C:\Users\A674543\Desktop\Project\maven\apache-maven-3.1.1\conf\settings.xml install"/>
    <property name="java.specification.vendor" value="Oracle Corporation"/>
    <property name="user.language" value="en"/>
    <property name="awt.toolkit" value="sun.awt.windows.WToolkit"/>
    <property name="java.vm.info" value="mixed mode"/>
    <property name="java.version" value="1.8.0_45"/>
    <property name="java.ext.dirs" value="C:\mev\java\jdk\jdk1.8.0_45_x64\jre\lib\ext;C:\WINDOWS\Sun\Java\lib\ext"/>
    <property name="sun.boot.class.path" value="C:\mev\java\jdk\jdk1.8.0_45_x64\jre\lib\resources.jar;C:\mev\java\jdk\jdk1.8.0_45_x64\jre\lib\rt.jar;C:\mev\java\jdk\jdk1.8.0_45_x64\jre\lib\sunrsasign.jar;C:\mev\java\jdk\jdk1.8.0_45_x64\jre\lib\jsse.jar;C:\mev\java\jdk\jdk1.8.0_45_x64\jre\lib\jce.jar;C:\mev\java\jdk\jdk1.8.0_45_x64\jre\lib\charsets.jar;C:\mev\java\jdk\jdk1.8.0_45_x64\jre\lib\jfr.jar;C:\mev\java\jdk\jdk1.8.0_45_x64\jre\classes"/>
    <property name="java.vendor" value="Oracle Corporation"/>
    <property name="maven.home" value="C:\Users\A674543\Desktop\stst\SpringJPAMySQLAngular4\EMBEDDED"/>
    <property name="file.separator" value="\"/>
    <property name="java.vendor.url.bug" value="http://bugreport.sun.com/bugreport/"/>
    <property name="sun.cpu.endian" value="little"/>
    <property name="sun.io.unicode.encoding" value="UnicodeLittle"/>
    <property name="sun.desktop" value="windows"/>
    <property name="sun.cpu.isalist" value="amd64"/>
  </properties>
  <testcase name="contextLoads" classname="com.javasampleapproach.jpamysqlangular4.SpringJpaMySqlAngular4ApplicationTests" time="0.146"/>
</testsuite>